Resource Usage Report
Part: lfe3_70e-8

Register bits: 571 of 62640 (1%)
PIC Latch:       0
I/O cells:       36

Details:
BB:             1
CCU2C:          149
DPR16X4C:       36
FD1P3AX:        97
FD1P3IX:        155
FD1P3JX:        2
FD1S3AX:        58
FD1S3DX:        33
FD1S3IX:        201
FD1S3JX:        21
GSR:            1
IB:             2
IFS1P3DX:       2
INV:            4
L6MUX21:        3
OB:             33
OFS1P3JX:       2
ORCALUT4:       1662
PFUMX:          203
PUR:            1
VHI:            9
VLO:            10
