all messages logged in file hdlparser.log
Analyzing VHDL file /usr/local/diamond/3.11_x64/ispfpga/vhdl_packages/standard.vhd (VHDL-1481)
INFO: /usr/local/diamond/3.11_x64/ispfpga/vhdl_packages/standard.vhd(9): analyzing package standard (VHDL-1014)
Analyzing VHDL file /usr/local/diamond/3.11_x64/ispfpga/vhdl_packages/std_1164.vhd (VHDL-1481)
INFO: /usr/local/diamond/3.11_x64/ispfpga/vhdl_packages/std_1164.vhd(15): analyzing package std_logic_1164 (VHDL-1014)
INFO: /usr/local/diamond/3.11_x64/ispfpga/vhdl_packages/std_1164.vhd(178): analyzing package body std_logic_1164 (VHDL-1013)
Analyzing VHDL file /usr/local/diamond/3.11_x64/ispfpga/vhdl_packages/mgc_qsim.vhd (VHDL-1481)
INFO: /usr/local/diamond/3.11_x64/ispfpga/vhdl_packages/mgc_qsim.vhd(18): analyzing package qsim_logic (VHDL-1014)
INFO: /usr/local/diamond/3.11_x64/ispfpga/vhdl_packages/mgc_qsim.vhd(753): analyzing package body qsim_logic (VHDL-1013)
Analyzing VHDL file /usr/local/diamond/3.11_x64/ispfpga/vhdl_packages/numeric_bit.vhd (VHDL-1481)
INFO: /usr/local/diamond/3.11_x64/ispfpga/vhdl_packages/numeric_bit.vhd(54): analyzing package numeric_bit (VHDL-1014)
INFO: /usr/local/diamond/3.11_x64/ispfpga/vhdl_packages/numeric_bit.vhd(834): analyzing package body numeric_bit (VHDL-1013)
Analyzing VHDL file /usr/local/diamond/3.11_x64/ispfpga/vhdl_packages/numeric_std.vhd (VHDL-1481)
INFO: /usr/local/diamond/3.11_x64/ispfpga/vhdl_packages/numeric_std.vhd(57): analyzing package numeric_std (VHDL-1014)
INFO: /usr/local/diamond/3.11_x64/ispfpga/vhdl_packages/numeric_std.vhd(874): analyzing package body numeric_std (VHDL-1013)
Analyzing VHDL file /usr/local/diamond/3.11_x64/ispfpga/vhdl_packages/textio.vhd (VHDL-1481)
INFO: /usr/local/diamond/3.11_x64/ispfpga/vhdl_packages/textio.vhd(13): analyzing package textio (VHDL-1014)
INFO: /usr/local/diamond/3.11_x64/ispfpga/vhdl_packages/textio.vhd(114): analyzing package body textio (VHDL-1013)
Analyzing VHDL file /usr/local/diamond/3.11_x64/ispfpga/vhdl_packages/std_logic_textio.vhd (VHDL-1481)
INFO: /usr/local/diamond/3.11_x64/ispfpga/vhdl_packages/std_logic_textio.vhd(26): analyzing package std_logic_textio (VHDL-1014)
INFO: /usr/local/diamond/3.11_x64/ispfpga/vhdl_packages/std_logic_textio.vhd(72): analyzing package body std_logic_textio (VHDL-1013)
Analyzing VHDL file /usr/local/diamond/3.11_x64/ispfpga/vhdl_packages/syn_attr.vhd (VHDL-1481)
INFO: /usr/local/diamond/3.11_x64/ispfpga/vhdl_packages/syn_attr.vhd(39): analyzing package attributes (VHDL-1014)
Analyzing VHDL file /usr/local/diamond/3.11_x64/ispfpga/vhdl_packages/syn_misc.vhd (VHDL-1481)
INFO: /usr/local/diamond/3.11_x64/ispfpga/vhdl_packages/syn_misc.vhd(30): analyzing package std_logic_misc (VHDL-1014)
INFO: /usr/local/diamond/3.11_x64/ispfpga/vhdl_packages/syn_misc.vhd(182): analyzing package body std_logic_misc (VHDL-1013)
INFO: ./.__tmp_vxr_0_(56): analyzing package math_real (VHDL-1014)
INFO: ./.__tmp_vxr_0_(685): analyzing package body math_real (VHDL-1013)
Analyzing VHDL file /usr/local/diamond/3.11_x64/ispfpga/vhdl_packages/mixed_lang_vltype.vhd (VHDL-1481)
INFO: /usr/local/diamond/3.11_x64/ispfpga/vhdl_packages/mixed_lang_vltype.vhd(9): analyzing package vl_types (VHDL-1014)
INFO: /usr/local/diamond/3.11_x64/ispfpga/vhdl_packages/mixed_lang_vltype.vhd(88): analyzing package body vl_types (VHDL-1013)
Analyzing VHDL file /usr/local/diamond/3.11_x64/ispfpga/vhdl_packages/syn_arit.vhd (VHDL-1481)
INFO: /usr/local/diamond/3.11_x64/ispfpga/vhdl_packages/syn_arit.vhd(25): analyzing package std_logic_arith (VHDL-1014)
INFO: /usr/local/diamond/3.11_x64/ispfpga/vhdl_packages/syn_arit.vhd(206): analyzing package body std_logic_arith (VHDL-1013)
Analyzing VHDL file /usr/local/diamond/3.11_x64/ispfpga/vhdl_packages/syn_sign.vhd (VHDL-1481)
INFO: /usr/local/diamond/3.11_x64/ispfpga/vhdl_packages/syn_sign.vhd(35): analyzing package std_logic_signed (VHDL-1014)
INFO: /usr/local/diamond/3.11_x64/ispfpga/vhdl_packages/syn_sign.vhd(96): analyzing package body std_logic_signed (VHDL-1013)
Analyzing VHDL file /usr/local/diamond/3.11_x64/ispfpga/vhdl_packages/syn_unsi.vhd (VHDL-1481)
INFO: /usr/local/diamond/3.11_x64/ispfpga/vhdl_packages/syn_unsi.vhd(35): analyzing package std_logic_unsigned (VHDL-1014)
INFO: /usr/local/diamond/3.11_x64/ispfpga/vhdl_packages/syn_unsi.vhd(94): analyzing package body std_logic_unsigned (VHDL-1013)
Analyzing VHDL file /usr/local/diamond/3.11_x64/ispfpga/vhdl_packages/synattr.vhd (VHDL-1481)
INFO: /usr/local/diamond/3.11_x64/ispfpga/vhdl_packages/synattr.vhd(50): analyzing package attributes (VHDL-1014)
Analyzing VHDL file /usr/local/diamond/3.11_x64/cae_library/synthesis/vhdl/ecp3.vhd (VHDL-1481)
Analyzing VHDL file /home/diamond/SharedFolder/VHDL/TestVideoTop.vhd (VHDL-1481)
INFO: /home/diamond/SharedFolder/VHDL/TestVideoTop.vhd(13): analyzing entity testvideotop (VHDL-1012)
INFO: /home/diamond/SharedFolder/VHDL/TestVideoTop.vhd(26): analyzing architecture rtl (VHDL-1010)
Analyzing VHDL file /home/diamond/SharedFolder/VHDL/I2cMasterCommands.vhd (VHDL-1481)
WARNING - /home/diamond/SharedFolder/VHDL/I2cMasterCommands.vhd(6): 'pmi_components' is not compiled in library work. VHDL-1240
INFO: /home/diamond/SharedFolder/VHDL/I2cMasterCommands.vhd(9): analyzing entity i2cmastercommands (VHDL-1012)
INFO: /home/diamond/SharedFolder/VHDL/I2cMasterCommands.vhd(37): analyzing architecture rtl (VHDL-1010)
Analyzing VHDL file /home/diamond/SharedFolder/VHDL/I2CMasterDevice.vhd (VHDL-1481)
INFO: /home/diamond/SharedFolder/VHDL/I2CMasterDevice.vhd(6): analyzing entity i2cmasterdevice (VHDL-1012)
INFO: /home/diamond/SharedFolder/VHDL/I2CMasterDevice.vhd(18): analyzing architecture rtl (VHDL-1010)
Analyzing VHDL file /home/diamond/SharedFolder/VHDL/Forth120719/VHDL/ep32Tss.vhd (VHDL-1481)
INFO: /home/diamond/SharedFolder/VHDL/Forth120719/VHDL/ep32Tss.vhd(29): analyzing entity ep32 (VHDL-1012)
INFO: /home/diamond/SharedFolder/VHDL/Forth120719/VHDL/ep32Tss.vhd(46): analyzing architecture behavioral (VHDL-1010)
Analyzing VHDL file /home/diamond/SharedFolder/VHDL/Forth120719/VHDL/Forth.vhd (VHDL-1481)
INFO: /home/diamond/SharedFolder/VHDL/Forth120719/VHDL/Forth.vhd(33): analyzing entity forth (VHDL-1012)
INFO: /home/diamond/SharedFolder/VHDL/Forth120719/VHDL/Forth.vhd(46): analyzing architecture rtl (VHDL-1010)
Analyzing VHDL file /home/diamond/SharedFolder/VHDL/Forth120719/VHDL/Rx.vhd (VHDL-1481)
INFO: /home/diamond/SharedFolder/VHDL/Forth120719/VHDL/Rx.vhd(64): analyzing entity rx (VHDL-1012)
INFO: /home/diamond/SharedFolder/VHDL/Forth120719/VHDL/Rx.vhd(73): analyzing architecture behavioral (VHDL-1010)
Analyzing VHDL file /home/diamond/SharedFolder/VHDL/Forth120719/VHDL/Tx.vhd (VHDL-1481)
INFO: /home/diamond/SharedFolder/VHDL/Forth120719/VHDL/Tx.vhd(59): analyzing entity tx (VHDL-1012)
INFO: /home/diamond/SharedFolder/VHDL/Forth120719/VHDL/Tx.vhd(69): analyzing architecture behavioral (VHDL-1010)
Analyzing VHDL file /home/diamond/SharedFolder/VHDL/Forth120719/VHDL/UartTss.vhd (VHDL-1481)
INFO: /home/diamond/SharedFolder/VHDL/Forth120719/VHDL/UartTss.vhd(6): analyzing entity uart (VHDL-1012)
INFO: /home/diamond/SharedFolder/VHDL/Forth120719/VHDL/UartTss.vhd(22): analyzing architecture rtl (VHDL-1010)
Analyzing VHDL file /home/diamond/SharedFolder/VHDL/SeqBlk1204.vhd (VHDL-1481)
INFO: /home/diamond/SharedFolder/VHDL/SeqBlk1204.vhd(60): analyzing entity seqblk (VHDL-1012)
INFO: /home/diamond/SharedFolder/VHDL/SeqBlk1204.vhd(69): analyzing architecture behavioral (VHDL-1010)
Analyzing VHDL file /home/diamond/SharedFolder/IpxLpc/Pll125to100x50.vhd (VHDL-1481)
INFO: /home/diamond/SharedFolder/IpxLpc/Pll125to100x50.vhd(14): analyzing entity pll125to100x50 (VHDL-1012)
INFO: /home/diamond/SharedFolder/IpxLpc/Pll125to100x50.vhd(22): analyzing architecture structure (VHDL-1010)
Analyzing VHDL file /home/diamond/SharedFolder/VHDL/Dvi410/Dvi410Cnt.vhd (VHDL-1481)
INFO: /home/diamond/SharedFolder/VHDL/Dvi410/Dvi410Cnt.vhd(6): analyzing entity dvi410cnt (VHDL-1012)
INFO: /home/diamond/SharedFolder/VHDL/Dvi410/Dvi410Cnt.vhd(16): analyzing architecture rtl (VHDL-1010)
Analyzing VHDL file /home/diamond/SharedFolder/VHDL/Dvi410/Dvi410Conf.vhd (VHDL-1481)
INFO: /home/diamond/SharedFolder/VHDL/Dvi410/Dvi410Conf.vhd(6): analyzing entity dvi410conf (VHDL-1012)
INFO: /home/diamond/SharedFolder/VHDL/Dvi410/Dvi410Conf.vhd(27): analyzing architecture rtl (VHDL-1010)
Analyzing VHDL file /home/diamond/SharedFolder/VHDL/Dvi410/Dvi410Main.vhd (VHDL-1481)
INFO: /home/diamond/SharedFolder/VHDL/Dvi410/Dvi410Main.vhd(6): analyzing entity dvi410 (VHDL-1012)
INFO: /home/diamond/SharedFolder/VHDL/Dvi410/Dvi410Main.vhd(29): analyzing architecture rtl (VHDL-1010)
Analyzing VHDL file /home/diamond/SharedFolder/VHDL/Dvi410/Dv i410Request.vhd (VHDL-1481)
INFO: /home/diamond/SharedFolder/VHDL/Dvi410/Dv i410Request.vhd(6): analyzing entity dvi410request (VHDL-1012)
INFO: /home/diamond/SharedFolder/VHDL/Dvi410/Dv i410Request.vhd(21): analyzing architecture rtl (VHDL-1010)
Analyzing VHDL file /home/diamond/SharedFolder/VHDL/Dvi410/Dvi410Sync.vhd (VHDL-1481)
INFO: /home/diamond/SharedFolder/VHDL/Dvi410/Dvi410Sync.vhd(6): analyzing entity dvi410sync (VHDL-1012)
INFO: /home/diamond/SharedFolder/VHDL/Dvi410/Dvi410Sync.vhd(20): analyzing architecture rtl (VHDL-1010)
Analyzing VHDL file /home/diamond/SharedFolder/VHDL/Dvi410/Dvi410Timing.vhd (VHDL-1481)
INFO: /home/diamond/SharedFolder/VHDL/Dvi410/Dvi410Timing.vhd(6): analyzing entity dvi410timing (VHDL-1012)
INFO: /home/diamond/SharedFolder/VHDL/Dvi410/Dvi410Timing.vhd(18): analyzing architecture rtl (VHDL-1010)
