Starting process: Module

Starting process: 

SCUBA, Version Diamond (64-bit) 3.11.3.469
Thu Feb 11 21:44:53 2021

Copyright (c) 1991-1994 by NeoCAD Inc. All rights reserved.
Copyright (c) 1995 AT&T Corp.   All rights reserved.
Copyright (c) 1995-2001 Lucent Technologies Inc.  All rights reserved.
Copyright (c) 2001 Agere Systems   All rights reserved.
Copyright (c) 2002-2020 Lattice Semiconductor Corporation,  All rights reserved.

BEGIN SCUBA Module Synthesis

    Issued command   : /usr/local/diamond/3.11_x64/ispfpga/bin/lin64/scuba -w -n PllClkto25 -lang vhdl -synth synplify -arch ep5c00 -type pll -fin 100 -phase_cntl STATIC -fclkop 25 -fclkop_tol 0.0 -fb_mode CLOCKTREE -noclkos -fclkok 12.5 -fclkok_tol 0.0 -clkoki 0 -norst -noclkok2 -bw 
    Circuit name     : PllClkto25
    Module type      : pll
    Module Version   : 5.7
    Ports            : 
	Inputs       : CLK
	Outputs      : CLKOP, CLKOK, LOCK
    I/O buffer       : not inserted
    EDIF output      : PllClkto25.edn
    VHDL output      : PllClkto25.vhd
    VHDL template    : PllClkto25_tmpl.vhd
    VHDL purpose     : for synthesis and simulation
    Bus notation     : not used
    Report output    : PllClkto25.srp
    Estimated Resource Usage:

END   SCUBA Module Synthesis

File: PllClkto25.lpc created.


End process: completed successfully.


Total Warnings:  0

Total Errors:  0


