
Copyright (C) 1994-2018 Synopsys, Inc.
This Synopsys software and all associated documentation are proprietary to Synopsys, Inc.
and may only be used pursuant to the terms and conditions of a written license agreement
with Synopsys, Inc. All other use, reproduction, modification, or distribution of the
Synopsys software or the associated documentation is strictly prohibited.
Tool: Synplify Pro (R)
Build: N-2018.03L-SP1-1
Install: /usr/local/diamond/3.11_x64/synpbase
OS: CentOS Linux 7 (Core)
Hostname: b663e0c4e5c9

Implementation : A
Synopsys VHDL Compiler, Version comp2018q2p1, Build 461R, Built Apr  1 2019 09:26:38

@N|Running in 64-bit mode
@N:"/home/diamond/SharedFolder/GENERACION_MANUAL/05_CustumerRelationship-master/ProjetsDiamonds/GenVideo/VHDL/TestVideoTop.vhd":17:7:17:18|Top entity is set to TestVideoTop.
@W: CD643 :"/home/diamond/SharedFolder/GENERACION_MANUAL/05_CustumerRelationship-master/ProjetsDiamonds/GenVideo/VHDL/I2cMasterCommands.vhd":6:27:6:27|Ignoring use clause - pmi_components not found ...
@W: CD645 :"/home/diamond/SharedFolder/GENERACION_MANUAL/05_CustumerRelationship-master/ProjetsDiamonds/GenVideo/VHDL/I2cMasterCommands.vhd":7:8:7:15|Ignoring undefined library pmi_work

At c_vhdl Exit (Real Time elapsed 0h:00m:03s; CPU Time elapsed 0h:00m:00s; Memory used current: 75MB peak: 77MB)

Process took 0h:00m:03s realtime, 0h:00m:01s cputime

Process completed successfully.
# Fri Feb 19 01:22:13 2021

###########################################################]
