/usr/local/diamond/3.12/synpbase/bin/c_vhdl  -osyn  /home/diamond/SharedFolder/GENERACION_MANUAL/05_CustumerRelationship-master/ProjetsDiamonds/GenVideo/Diamond1.4/A/synwork/Ext10GenDvi_A_hdl_.srs  -top  TestVideoTop  -prodtype  synplify_pro  -dspmac -fixsmult -infer_seqShift -nram -sdff_counter -divnmod -nostructver  -encrypt  -pro  -dmgen  /home/diamond/SharedFolder/GENERACION_MANUAL/05_CustumerRelationship-master/ProjetsDiamonds/GenVideo/Diamond1.4/A/dm  -lite -ui -fid2 -ram -sharing on -ll 2000 -autosm  -ignore_undefined_lib  -lib work /usr/local/diamond/3.12/cae_library/synthesis/vhdl/ecp3.vhd -lib work /home/diamond/SharedFolder/GENERACION_MANUAL/05_CustumerRelationship-master/ProjetsDiamonds/GenVideo/VHDL/TestVideoTop.vhd -lib work /home/diamond/SharedFolder/GENERACION_MANUAL/05_CustumerRelationship-master/ProjetsDiamonds/GenVideo/VHDL/I2cMasterCommands.vhd -lib work /home/diamond/SharedFolder/GENERACION_MANUAL/05_CustumerRelationship-master/ProjetsDiamonds/GenVideo/VHDL/I2CMasterDevice.vhd -lib work /home/diamond/SharedFolder/GENERACION_MANUAL/05_CustumerRelationship-master/ProjetsDiamonds/GenVideo/VHDL/Forth120719/VHDL/ep32Tss.vhd -lib work /home/diamond/SharedFolder/GENERACION_MANUAL/05_CustumerRelationship-master/ProjetsDiamonds/GenVideo/VHDL/Forth120719/VHDL/Forth.vhd -lib work /home/diamond/SharedFolder/GENERACION_MANUAL/05_CustumerRelationship-master/ProjetsDiamonds/GenVideo/VHDL/Forth120719/VHDL/Rx.vhd -lib work /home/diamond/SharedFolder/GENERACION_MANUAL/05_CustumerRelationship-master/ProjetsDiamonds/GenVideo/VHDL/Forth120719/VHDL/Tx.vhd -lib work /home/diamond/SharedFolder/GENERACION_MANUAL/05_CustumerRelationship-master/ProjetsDiamonds/GenVideo/VHDL/Forth120719/VHDL/UartTss.vhd -lib work /home/diamond/SharedFolder/GENERACION_MANUAL/05_CustumerRelationship-master/ProjetsDiamonds/GenVideo/VHDL/SeqBlk1204.vhd -lib work /home/diamond/SharedFolder/GENERACION_MANUAL/05_CustumerRelationship-master/ProjetsDiamonds/GenVideo/IpxLpc/Pll125to100x50.vhd -lib work /home/diamond/SharedFolder/GENERACION_MANUAL/05_CustumerRelationship-master/ProjetsDiamonds/GenVideo/VHDL/Dvi410/Dvi410Cnt.vhd -lib work /home/diamond/SharedFolder/GENERACION_MANUAL/05_CustumerRelationship-master/ProjetsDiamonds/GenVideo/VHDL/Dvi410/Dvi410Conf.vhd -lib work /home/diamond/SharedFolder/GENERACION_MANUAL/05_CustumerRelationship-master/ProjetsDiamonds/GenVideo/VHDL/Dvi410/Dvi410Main.vhd -lib work "/home/diamond/SharedFolder/GENERACION_MANUAL/05_CustumerRelationship-master/ProjetsDiamonds/GenVideo/VHDL/Dvi410/Dv i410Request.vhd" -lib work /home/diamond/SharedFolder/GENERACION_MANUAL/05_CustumerRelationship-master/ProjetsDiamonds/GenVideo/VHDL/Dvi410/Dvi410Sync.vhd -lib work /home/diamond/SharedFolder/GENERACION_MANUAL/05_CustumerRelationship-master/ProjetsDiamonds/GenVideo/VHDL/Dvi410/Dvi410Timing.vhd -lib work /home/diamond/SharedFolder/GENERACION_MANUAL/05_CustumerRelationship-master/ProjetsDiamonds/GenVideo/Diamond1.4/vga.vhd -lib work /home/diamond/SharedFolder/GENERACION_MANUAL/05_CustumerRelationship-master/ProjetsDiamonds/GenVideo/VHDL/MIres/mires.vhd -lib work /home/diamond/SharedFolder/GENERACION_MANUAL/05_CustumerRelationship-master/ProjetsDiamonds/GenVideo/IpxLpc/Pll125to159.vhd -lib work /home/diamond/SharedFolder/GENERACION_MANUAL/05_CustumerRelationship-master/ProjetsDiamonds/GenVideo/Diamond1.4/PllClkto25.vhd -lib work /home/diamond/SharedFolder/GENERACION_MANUAL/05_CustumerRelationship-master/ProjetsDiamonds/GenVideo/VHDL/Simulacion/simulacion.vhd -lib work /home/diamond/SharedFolder/GENERACION_MANUAL/05_CustumerRelationship-master/ProjetsDiamonds/GenVideo/Diamond1.4/PllClkto120.vhd -lib work /home/diamond/SharedFolder/GENERACION_MANUAL/05_CustumerRelationship-master/ProjetsDiamonds/GenVideo/Diamond1.4/PllClkto140.vhd -lib work /home/diamond/SharedFolder/GENERACION_MANUAL/05_CustumerRelationship-master/ProjetsDiamonds/GenVideo/Diamond1.4/PllClkto80.vhd -lib work /home/diamond/SharedFolder/GENERACION_MANUAL/05_CustumerRelationship-master/ProjetsDiamonds/GenVideo/Diamond1.4/PllClkto34.vhd  -log  /home/diamond/SharedFolder/GENERACION_MANUAL/05_CustumerRelationship-master/ProjetsDiamonds/GenVideo/Diamond1.4/A/syntax.log  -fileorder  /home/diamond/SharedFolder/GENERACION_MANUAL/05_CustumerRelationship-master/ProjetsDiamonds/GenVideo/Diamond1.4/A/syntmp/hdlorder.tcl  -jobname  "hdl_info_gen" 
relcom:/usr/local/diamond/3.12/synpbase/bin/c_vhdl -osyn ../synwork/Ext10GenDvi_A_hdl_.srs -top TestVideoTop -prodtype synplify_pro -dspmac -fixsmult -infer_seqShift -nram -sdff_counter -divnmod -nostructver -encrypt -pro -dmgen ../dm -lite -ui -fid2 -ram -sharing on -ll 2000 -autosm -ignore_undefined_lib -lib work /usr/local/diamond/3.12/cae_library/synthesis/vhdl/ecp3.vhd -lib work ../../../VHDL/TestVideoTop.vhd -lib work ../../../VHDL/I2cMasterCommands.vhd -lib work ../../../VHDL/I2CMasterDevice.vhd -lib work ../../../VHDL/Forth120719/VHDL/ep32Tss.vhd -lib work ../../../VHDL/Forth120719/VHDL/Forth.vhd -lib work ../../../VHDL/Forth120719/VHDL/Rx.vhd -lib work ../../../VHDL/Forth120719/VHDL/Tx.vhd -lib work ../../../VHDL/Forth120719/VHDL/UartTss.vhd -lib work ../../../VHDL/SeqBlk1204.vhd -lib work ../../../IpxLpc/Pll125to100x50.vhd -lib work ../../../VHDL/Dvi410/Dvi410Cnt.vhd -lib work ../../../VHDL/Dvi410/Dvi410Conf.vhd -lib work ../../../VHDL/Dvi410/Dvi410Main.vhd -lib work "/home/diamond/SharedFolder/GENERACION_MANUAL/05_CustumerRelationship-master/ProjetsDiamonds/GenVideo/VHDL/Dvi410/Dv i410Request.vhd" -lib work ../../../VHDL/Dvi410/Dvi410Sync.vhd -lib work ../../../VHDL/Dvi410/Dvi410Timing.vhd -lib work ../../vga.vhd -lib work ../../../VHDL/MIres/mires.vhd -lib work ../../../IpxLpc/Pll125to159.vhd -lib work ../../PllClkto25.vhd -lib work ../../../VHDL/Simulacion/simulacion.vhd -lib work ../../PllClkto120.vhd -lib work ../../PllClkto140.vhd -lib work ../../PllClkto80.vhd -lib work ../../PllClkto34.vhd -log ../syntax.log -fileorder hdlorder.tcl -jobname "hdl_info_gen"
rc:0 success:1 runtime:3
file:../synwork/Ext10GenDvi_A_hdl_.srs|io:o|time:0|size:-1|exec:0|csum:
file:/usr/local/diamond/3.12/cae_library/synthesis/vhdl/ecp3.vhd|io:i|time:1542270737|size:196741|exec:0|csum:E34DA525EA0082AB2F0D3F5F81F24F0D
file:../../../VHDL/TestVideoTop.vhd|io:i|time:1618167276|size:44585|exec:0|csum:8C4281AE4F5AAFCB69698B3CB12FC19B
file:../../../VHDL/I2cMasterCommands.vhd|io:i|time:1611702804|size:9011|exec:0|csum:2285C4FDC4489B7D866D01F6D1C4EBF4
file:../../../VHDL/I2CMasterDevice.vhd|io:i|time:1611702804|size:6018|exec:0|csum:96206A96B937F9FB34861248D7200576
file:../../../VHDL/Forth120719/VHDL/ep32Tss.vhd|io:i|time:1611702804|size:13902|exec:0|csum:F62FD1AA4B083AF50D4E342995F4E560
file:../../../VHDL/Forth120719/VHDL/Forth.vhd|io:i|time:1611702804|size:8808|exec:0|csum:6EFA777B94892814F85BCC680DA03904
file:../../../VHDL/Forth120719/VHDL/Rx.vhd|io:i|time:1611702804|size:4140|exec:0|csum:1CAC06DB5A43441DF78B4B9646E92F21
file:../../../VHDL/Forth120719/VHDL/Tx.vhd|io:i|time:1611702804|size:3266|exec:0|csum:E123B30ECD9DC62EFACCACC3D33B492A
file:../../../VHDL/Forth120719/VHDL/UartTss.vhd|io:i|time:1611702804|size:2191|exec:0|csum:C9F1557F2B0EF131C88F632F76AF879A
file:../../../VHDL/SeqBlk1204.vhd|io:i|time:1611702804|size:6829|exec:0|csum:864B7B3D34DAA7A42E3F32A5B626A47D
file:../../../IpxLpc/Pll125to100x50.vhd|io:i|time:1611702804|size:4165|exec:0|csum:2E2121889A79CBE5FB343C2C9026C518
file:../../../VHDL/Dvi410/Dvi410Cnt.vhd|io:i|time:1611702804|size:1078|exec:0|csum:16DBE7D32095EBE9D011A4318CFF9B6A
file:../../../VHDL/Dvi410/Dvi410Conf.vhd|io:i|time:1613414595|size:28594|exec:0|csum:F1CABAB607DC0BB799875F325CE0AE69
file:../../../VHDL/Dvi410/Dvi410Main.vhd|io:i|time:1612987463|size:8503|exec:0|csum:F64F3D84DC9D0C985169141BD5E3B01A
file:../../../VHDL/Dvi410/Dv i410Request.vhd|io:i|time:1611702804|size:1956|exec:0|csum:61DFCE7E1C132A9C4B61C4BFF63C2480
file:../../../VHDL/Dvi410/Dvi410Sync.vhd|io:i|time:1611702804|size:1547|exec:0|csum:2274BBA806470877905BFE732FEA07BF
file:../../../VHDL/Dvi410/Dvi410Timing.vhd|io:i|time:1611702804|size:1074|exec:0|csum:BE184D1BA5773AB829A20E2EC2DF497C
file:../../vga.vhd|io:i|time:1611702804|size:3380|exec:0|csum:3D7CB263F68ADF93735A192960458EFD
file:../../../VHDL/MIres/mires.vhd|io:i|time:1618167560|size:26133|exec:0|csum:FE8C1FE9D79D75F48A1863744B1F63B6
file:../../../IpxLpc/Pll125to159.vhd|io:i|time:1612989453|size:4159|exec:0|csum:C4E214DC3091A61CBD7459E6226904DC
file:../../PllClkto25.vhd|io:i|time:1613079893|size:4146|exec:0|csum:14B6B416BC8D208FDDBBD8860D7DA0AC
file:../../../VHDL/Simulacion/simulacion.vhd|io:i|time:1618167560|size:26660|exec:0|csum:1849D63CF47890BA82A75E1F23D33B80
file:../../PllClkto120.vhd|io:i|time:1613514680|size:4150|exec:0|csum:CAC650BE1A01828C3FF10E4F9BFBD2EC
file:../../PllClkto140.vhd|io:i|time:1613514893|size:4150|exec:0|csum:02DC3B1A018F7281A6A1AC6A83CFEB05
file:../../PllClkto80.vhd|io:i|time:1613515107|size:4143|exec:0|csum:1529856370C82E42D8A5AAB25E7368A8
file:../../PllClkto34.vhd|io:i|time:1613523348|size:4149|exec:0|csum:BCC038C187EBF8042169E9BA05B2B24A
file:../syntax.log|io:o|time:1618167574|size:1676|exec:0|csum:
file:/usr/local/diamond/3.12/synpbase/linux_a_64/c_vhdl|io:i|time:1604079996|size:9312816|exec:1|csum:878AE00B51D45C7B1DFB00F3B7EDEA35
file:/usr/local/diamond/3.12/synpbase/bin/c_vhdl|io:i|time:1604079555|size:367|exec:1|csum:E52A0D56112AD6C22F02B648B6F508CE
